{"/home/mitmaro/Code/modulus-combine/src/modulus-combine.js":{"path":"/home/mitmaro/Code/modulus-combine/src/modulus-combine.js","s":{"1":1,"2":4,"3":4,"4":1,"5":18281,"6":18281,"7":18281,"8":1,"9":18281,"10":18281,"11":1},"b":{"1":[4,2]},"f":{"1":4,"2":18281,"3":18281},"fnMap":{"1":{"name":"(anonymous_1)","line":7,"loc":{"start":{"line":7,"column":21},"end":{"line":7,"column":57}}},"2":{"name":"(anonymous_2)","line":19,"loc":{"start":{"line":19,"column":36},"end":{"line":19,"column":51}}},"3":{"name":"(anonymous_3)","line":30,"loc":{"start":{"line":30,"column":35},"end":{"line":30,"column":47}}}},"statementMap":{"1":{"start":{"line":7,"column":0},"end":{"line":10,"column":2}},"2":{"start":{"line":8,"column":1},"end":{"line":8,"column":55}},"3":{"start":{"line":9,"column":1},"end":{"line":9,"column":54}},"4":{"start":{"line":19,"column":0},"end":{"line":23,"column":2}},"5":{"start":{"line":20,"column":1},"end":{"line":20,"column":37}},"6":{"start":{"line":21,"column":1},"end":{"line":21,"column":37}},"7":{"start":{"line":22,"column":1},"end":{"line":22,"column":27}},"8":{"start":{"line":30,"column":0},"end":{"line":36,"column":2}},"9":{"start":{"line":31,"column":1},"end":{"line":31,"column":36}},"10":{"start":{"line":32,"column":1},"end":{"line":35,"column":3}},"11":{"start":{"line":38,"column":0},"end":{"line":38,"column":32}}},"branchMap":{"1":{"line":8,"type":"binary-expr","locations":[{"start":{"line":8,"column":32},"end":{"line":8,"column":48}},{"start":{"line":8,"column":52},"end":{"line":8,"column":53}}]}}}}